WARNING:root:failed to scrape location with key 2000424719 due to unmatched address. Expected Bldg, but found Building
WARNING:root:failed to scrape location with key 2000424728 due to unmatched town. Expected mc carr, but found mccarr
WARNING:root:failed to scrape location with key 2000424750 due to unmatched address. Expected 1101, but found 2313
WARNING:root:failed to scrape location with key 2000424787 due to unmatched town. Expected saint michael, but found st michael
WARNING:root:failed to scrape location with key 2000424815 due to unmatched address. Expected 27025, but found Letter
WARNING:root:failed to scrape location with key 2000424859 due to unmatched address. Expected 19380, but found Suite
WARNING:root:failed to scrape location with key 2000463394 due to unmatched address. Expected 41263, but found 41263C
WARNING:root:failed to scrape location with key 2000463552 due to unmatched town. Expected firestone, but found longmont
WARNING:root:failed to scrape location with key 2000463624 due to unmatched town. Expected saint augustine, but found st. augustine
WARNING:root:failed to scrape location with key 2000463474 due to unmatched address. Expected 1300, but found 430
WARNING:root:failed to scrape location with key 2000463660 due to unmatched address. Expected 569, but found 569-A
WARNING:root:failed to scrape location with key 2000463679 due to unmatched address. Expected 423A, but found 423-A
WARNING:root:failed to scrape location with key 2000463691 due to unmatched address. Expected 1901, but found 1909
WARNING:root:failed to scrape location with key 2000463515 due to unmatched address. Expected 933, but found 1925
WARNING:root:failed to scrape location with key 2000463522 due to unmatched address. Expected 8118, but found 8214
WARNING:root:failed to scrape location with key 2000463751 due to unmatched address. Expected 1201, but found Hwy
WARNING:root:Failed to scrape location with key 2000463792 due to unlisted location.
WARNING:root:failed to scrape location with key 2000463818 for unknown reason.
WARNING:root:failed to scrape location with key 2000463555 due to unmatched address. Expected 1041, but found 1926
WARNING:root:failed to scrape location with key 2000463572 due to unmatched address. Expected 162, but found 300
WARNING:root:failed to scrape location with key 2000463586 due to unmatched address. Expected 1204, but found Shopping
WARNING:root:failed to scrape location with key 2000463592 due to unmatched address. Expected 12525, but found 12515
WARNING:root:failed to scrape location with key 2000463637 for unknown reason.
WARNING:root:failed to scrape location with key 2000463846 due to unmatched address. Expected 15Th, but found 620
WARNING:root:failed to scrape location with key 2000463930 due to unmatched address. Expected 8149, but found 8149C
WARNING:root:failed to scrape location with key 2000464014 due to unmatched address. Expected 1300B, but found 1300-B
WARNING:root:failed to scrape location with key 2000463738 due to unmatched address. Expected 94-790, but found 94-226
WARNING:root:failed to scrape location with key 2000463799 due to unmatched address. Expected 1317, but found 409
WARNING:root:Failed to scrape location with key 2000463826 due to unlisted location.
WARNING:root:failed to scrape location with key 2000463865 due to unmatched town. Expected mount washington, but found mt washington
WARNING:root:failed to scrape location with key 2000463899 due to unmatched address. Expected 7904, but found 1301
WARNING:root:failed to scrape location with key 2000464143 due to unmatched address. Expected 260, but found 260-A
WARNING:root:failed to scrape location with key 2000464153 due to unmatched town. Expected winston salem, but found winston-salem
WARNING:root:failed to scrape location with key 2000464185 due to unmatched town. Expected hillsborough, but found hillsborough township
WARNING:root:failed to scrape location with key 2000464224 due to unmatched town. Expected wendover, but found west wendover
WARNING:root:failed to scrape location with key 2000464232 due to unmatched town. Expected bronx, but found the bronx
WARNING:root:failed to scrape location with key 2000464251 due to unmatched address. Expected 11102, but found 111-02
WARNING:root:failed to scrape location with key 2000464035 due to unmatched town. Expected saint charles, but found st charles
WARNING:root:failed to scrape location with key 2000464084 due to unmatched address. Expected 114, but found 114-B
WARNING:root:failed to scrape location with key 2000464611 due to unmatched town. Expected fort worth, but found keller
WARNING:root:failed to scrape location with key 2000464619 due to unmatched address. Expected 507, but found Near
WARNING:root:failed to scrape location with key 2000464231 due to unmatched town. Expected bronx, but found the bronx
WARNING:root:Failed to scrape location with key 2000464331 due to unlisted location.
WARNING:root:failed to scrape location with key 2000464381 due to unmatched town. Expected west chester, but found west chester township
WARNING:root:failed to scrape location with key 2000464681 for unknown reason.
WARNING:root:Failed to scroll all reviews for location with key 2000464709. Found only 20 reviews out of 251
WARNING:root:failed to scrape location with key 2000575734 due to unmatched town. Expected kailua kona, but found kailua-kona
WARNING:root:failed to scrape location with key 2000590519 due to unmatched town. Expected saint george, but found st. george
WARNING:root:failed to scrape location with key 2000689371 due to unmatched address. Expected 848, but found Shopping
WARNING:root:failed to scrape location with key 2000689450 due to unmatched town. Expected amite, but found amite city
WARNING:root:failed to scrape location with key 2000689362 due to unmatched address. Expected 91, but found 91-590
WARNING:root:Failed to scrape location with key 2000760110 due to unlisted location.
WARNING:root:failed to scrape location with key 2000791191 due to unmatched town. Expected saint louis, but found st. louis
