WARNING:root:failed to scrape location with key 2000030624 due to unmatched address. Expected 25098, but found 27855
WARNING:root:failed to scrape location with key 2000463391 due to unmatched address. Expected 537, but found 423
WARNING:root:failed to scrape location with key 2000463422 due to unmatched address. Expected 903, but found 903A
WARNING:root:failed to scrape location with key 2000463516 due to unmatched address. Expected 8324, but found 9015
WARNING:root:failed to scrape location with key 2000463395 due to unmatched town. Expected homewood, but found birmingham
WARNING:root:failed to scrape location with key 2000463404 due to unmatched address. Expected 2500, but found 5000
WARNING:root:failed to scrape location with key 2000463537 due to unmatched address. Expected 1058, but found 1415
WARNING:root:failed to scrape location with key 2000463546 due to unmatched town. Expected colorado springs, but found fort carson
WARNING:root:failed to scrape location with key 2000463685 due to unmatched address. Expected 665D, but found 661
WARNING:root:Failed to scrape location with key 2000463815 due to unlisted location.
WARNING:root:Failed to scrape location with key 2000463850 due to unlisted location.
WARNING:root:failed to scrape location with key 2000463716 due to unmatched address. Expected 91, but found 91-763
WARNING:root:failed to scrape location with key 2000463732 due to unmatched town. Expected makawao, but found pukalani
WARNING:root:failed to scrape location with key 2000463897 due to unmatched town. Expected la place, but found laplace
WARNING:root:failed to scrape location with key 2000463734 due to unmatched address. Expected 850, but found Shopping
WARNING:root:Failed to scrape location with key 2000463785 due to unlisted location.
WARNING:root:failed to scrape location with key 2000463798 due to unmatched town. Expected round lake beach, but found round lake
WARNING:root:failed to scrape location with key 2000463921 for unknown reason.
WARNING:root:failed to scrape location with key 2000463954 due to unmatched address. Expected 3040, but found 5120
WARNING:root:failed to scrape location with key 2000464066 due to unmatched town. Expected byram, but found richland
WARNING:root:failed to scrape location with key 2000463995 due to unmatched town. Expected saint cloud, but found st cloud
WARNING:root:failed to scrape location with key 2000463996 due to unmatched address. Expected 713, but found 305
WARNING:root:failed to scrape location with key 2000464032 due to unmatched town. Expected mount vernon, but found mt vernon
WARNING:root:failed to scrape location with key 2000464125 due to unmatched address. Expected 1333, but found 1333-C
WARNING:root:failed to scrape location with key 2000464128 due to unmatched town. Expected mount olive, but found mt olive
WARNING:root:failed to scrape location with key 2000464184 due to unmatched address. Expected 1930, but found 68
WARNING:root:failed to scrape location with key 2000464192 due to unmatched town. Expected pennsville, but found pennsville township
WARNING:root:failed to scrape location with key 2000464209 due to unmatched town. Expected espanola, but found española
WARNING:root:failed to scrape location with key 2000464233 due to unmatched town. Expected bronx, but found the bronx
WARNING:root:failed to scrape location with key 2000464421 due to unmatched address. Expected 21300, but found 21365
WARNING:root:failed to scrape location with key 2000464187 due to unmatched town. Expected mount ephraim, but found mt ephraim
WARNING:root:failed to scrape location with key 2000464612 due to unmatched town. Expected fort worth, but found haslet
WARNING:root:failed to scrape location with key 2000464420 for unknown reason.
WARNING:root:failed to scrape location with key 2000464490 due to unmatched town. Expected batesburg, but found batesburg-leesville
WARNING:root:failed to scrape location with key 2000464500 due to unmatched address. Expected 2420, but found Building
WARNING:root:Failed to scrape location with key 2000464706 due to unlisted location.
WARNING:root:failed to scrape location with key 2000464718 due to unmatched address. Expected 230, but found City
WARNING:root:failed to scrape location with key 2000464548 due to unmatched town. Expected mount juliet, but found mt. juliet
WARNING:root:failed to scrape location with key 2000464773 due to unmatched address. Expected 11501, but found 11500
WARNING:root:failed to scrape location with key 2000464802 due to unmatched address. Expected 810, but found 80
WARNING:root:failed to scrape location with key 2000464711 for unknown reason.
WARNING:root:failed to scrape location with key 2000464754 due to unmatched address. Expected 729, but found 729C
WARNING:root:Failed to scrape location with key 2000575752 due to unlisted location.
WARNING:root:failed to scrape location with key 2000689392 due to unmatched town. Expected saint clair, but found st clair
WARNING:root:failed to scrape location with key 2000689434 due to unmatched town. Expected dania, but found dania beach
WARNING:root:failed to scrape location with key 2000760107 due to unmatched town. Expected high point, but found archdale
WARNING:root:Failed to scrape location with key 2000760106 due to unlisted location.
WARNING:root:failed to scrape location with key 2000760137 due to unmatched address. Expected Highway, but found 620
WARNING:root:failed to scrape location with key 2000791184 due to unmatched town. Expected pearl harbor, but found naval station pearl harbor
WARNING:root:Failed to scrape location with key 2000791190 due to unlisted location.
WARNING:root:failed to scrape location with key 2000424604 due to unmatched town. Expected mc rae, but found mcrae-helena
WARNING:root:failed to scrape location with key 2000424606 due to unmatched address. Expected 15215, but found 2415
WARNING:root:failed to scrape location with key 2000424670 due to unmatched address. Expected 969, but found 932
WARNING:root:failed to scrape location with key 2000424732 due to unmatched town. Expected mc guire afb, but found mcguire afb
WARNING:root:failed to scrape location with key 2000424733 due to unmatched town. Expected ewing, but found ewing township
WARNING:root:Failed to scrape location with key 2000424680 due to unlisted location.
