[0928/102739.732:ERROR:process_reader_win.cc(151)] SuspendThread: Access is denied. (0x5)
[0928/102739.734:ERROR:process_reader_win.cc(151)] SuspendThread: Access is denied. (0x5)
[0928/102739.734:ERROR:process_reader_win.cc(151)] SuspendThread: Access is denied. (0x5)
[0928/102739.734:ERROR:process_reader_win.cc(151)] SuspendThread: Access is denied. (0x5)
[0928/102739.734:ERROR:process_reader_win.cc(151)] SuspendThread: Access is denied. (0x5)
[0928/102739.742:ERROR:process_reader_win.cc(151)] SuspendThread: Access is denied. (0x5)
[0928/102739.734:ERROR:process_reader_win.cc(123)] NtOpenThread: {Access Denied} A process has requested access to an object, but has not been granted those access rights. (0xc0000022)
[0928/102739.777:ERROR:exception_snapshot_win.cc(99)] thread ID 4340 not found in process
[0928/102739.742:ERROR:process_reader_win.cc(123)] NtOpenThread: {Access Denied} A process has requested access to an object, but has not been granted those access rights. (0xc0000022)
[0928/102739.781:ERROR:exception_snapshot_win.cc(99)] thread ID 17660 not found in process
[0928/112348.382:ERROR:process_reader_win.cc(151)] SuspendThread: Access is denied. (0x5)
[0928/112348.384:ERROR:process_reader_win.cc(151)] SuspendThread: Access is denied. (0x5)
[0928/112348.384:ERROR:process_reader_win.cc(123)] NtOpenThread: {Access Denied} A process has requested access to an object, but has not been granted those access rights. (0xc0000022)
[0928/112348.398:ERROR:exception_snapshot_win.cc(99)] thread ID 3832 not found in process
[0928/112348.435:ERROR:process_reader_win.cc(151)] SuspendThread: Access is denied. (0x5)
[0928/112348.435:ERROR:process_reader_win.cc(151)] SuspendThread: Access is denied. (0x5)
[0928/112348.435:ERROR:process_reader_win.cc(151)] SuspendThread: Access is denied. (0x5)
[0928/112348.435:ERROR:process_reader_win.cc(151)] SuspendThread: Access is denied. (0x5)
[0928/112348.435:ERROR:process_reader_win.cc(151)] SuspendThread: Access is denied. (0x5)
[0928/112348.437:ERROR:process_reader_win.cc(123)] NtOpenThread: {Access Denied} A process has requested access to an object, but has not been granted those access rights. (0xc0000022)
[0928/112348.437:ERROR:exception_snapshot_win.cc(99)] thread ID 13040 not found in process
[0928/112408.533:ERROR:process_reader_win.cc(123)] NtOpenThread: {Access Denied} A process has requested access to an object, but has not been granted those access rights. (0xc0000022)
[0928/112408.534:ERROR:exception_snapshot_win.cc(99)] thread ID 16952 not found in process
[0928/112408.561:ERROR:process_reader_win.cc(151)] SuspendThread: Access is denied. (0x5)
[0928/112408.562:ERROR:process_reader_win.cc(151)] SuspendThread: Access is denied. (0x5)
[0928/112408.562:ERROR:process_reader_win.cc(123)] NtOpenThread: {Access Denied} A process has requested access to an object, but has not been granted those access rights. (0xc0000022)
[0928/112408.562:ERROR:exception_snapshot_win.cc(99)] thread ID 9704 not found in process
[0928/112408.598:ERROR:process_reader_win.cc(151)] SuspendThread: Access is denied. (0x5)
[0928/112408.598:ERROR:process_reader_win.cc(151)] SuspendThread: Access is denied. (0x5)
[0928/112408.598:ERROR:process_reader_win.cc(151)] SuspendThread: Access is denied. (0x5)
[0928/112408.598:ERROR:process_reader_win.cc(151)] SuspendThread: Access is denied. (0x5)
[0928/112408.598:ERROR:process_reader_win.cc(123)] NtOpenThread: {Access Denied} A process has requested access to an object, but has not been granted those access rights. (0xc0000022)
[0928/112408.598:ERROR:exception_snapshot_win.cc(99)] thread ID 6644 not found in process
[0928/114903.991:ERROR:process_reader_win.cc(151)] SuspendThread: Access is denied. (0x5)
[0928/114903.993:ERROR:process_reader_win.cc(151)] SuspendThread: Access is denied. (0x5)
[0928/114903.993:ERROR:process_reader_win.cc(151)] SuspendThread: Access is denied. (0x5)
[0928/114903.993:ERROR:process_reader_win.cc(151)] SuspendThread: Access is denied. (0x5)
[0928/114903.993:ERROR:process_reader_win.cc(151)] SuspendThread: Access is denied. (0x5)
[0928/114903.993:ERROR:process_reader_win.cc(151)] SuspendThread: Access is denied. (0x5)
[0928/114903.993:ERROR:process_reader_win.cc(151)] SuspendThread: Access is denied. (0x5)
[0928/114903.993:ERROR:process_reader_win.cc(151)] SuspendThread: Access is denied. (0x5)
[0928/114903.993:ERROR:process_reader_win.cc(123)] NtOpenThread: {Access Denied} A process has requested access to an object, but has not been granted those access rights. (0xc0000022)
[0928/114903.993:ERROR:exception_snapshot_win.cc(99)] thread ID 3108 not found in process
[0928/114904.025:ERROR:process_reader_win.cc(151)] SuspendThread: Access is denied. (0x5)
[0928/114904.025:ERROR:process_reader_win.cc(123)] NtOpenThread: {Access Denied} A process has requested access to an object, but has not been granted those access rights. (0xc0000022)
[0928/114904.025:ERROR:exception_snapshot_win.cc(99)] thread ID 7584 not found in process
[0928/114904.028:ERROR:process_reader_win.cc(151)] SuspendThread: Access is denied. (0x5)
[0928/114904.028:ERROR:process_reader_win.cc(151)] SuspendThread: Access is denied. (0x5)
[0928/114904.028:ERROR:process_reader_win.cc(123)] NtOpenThread: {Access Denied} A process has requested access to an object, but has not been granted those access rights. (0xc0000022)
[0928/114904.028:ERROR:exception_snapshot_win.cc(99)] thread ID 17456 not found in process
[0928/124456.349:ERROR:process_reader_win.cc(151)] SuspendThread: Access is denied. (0x5)
[0928/124456.378:ERROR:process_reader_win.cc(151)] SuspendThread: Access is denied. (0x5)
[0928/124456.378:ERROR:process_reader_win.cc(151)] SuspendThread: Access is denied. (0x5)
[0928/124456.378:ERROR:process_reader_win.cc(151)] SuspendThread: Access is denied. (0x5)
[0928/124456.378:ERROR:process_reader_win.cc(151)] SuspendThread: Access is denied. (0x5)
[0928/124456.378:ERROR:process_reader_win.cc(151)] SuspendThread: Access is denied. (0x5)
[0928/124456.378:ERROR:process_reader_win.cc(151)] SuspendThread: Access is denied. (0x5)
[0928/124456.378:ERROR:process_reader_win.cc(151)] SuspendThread: Access is denied. (0x5)
[0928/124456.378:ERROR:process_reader_win.cc(151)] SuspendThread: Access is denied. (0x5)
[0928/124456.378:ERROR:process_reader_win.cc(123)] NtOpenThread: An invalid Client ID was specified. (0xc000000b)
[0928/124456.378:ERROR:process_reader_win.cc(151)] SuspendThread: Access is denied. (0x5)
[0928/124456.378:ERROR:process_reader_win.cc(151)] SuspendThread: Access is denied. (0x5)
[0928/124456.378:ERROR:process_reader_win.cc(151)] SuspendThread: Access is denied. (0x5)
[0928/124456.378:ERROR:process_reader_win.cc(151)] SuspendThread: Access is denied. (0x5)
[0928/124456.378:ERROR:process_reader_win.cc(151)] SuspendThread: Access is denied. (0x5)
[0928/124456.379:ERROR:process_reader_win.cc(151)] SuspendThread: Access is denied. (0x5)
[0928/124456.379:ERROR:process_reader_win.cc(151)] SuspendThread: Access is denied. (0x5)
[0928/124456.379:ERROR:process_reader_win.cc(151)] SuspendThread: Access is denied. (0x5)
[0928/124456.379:ERROR:process_reader_win.cc(151)] SuspendThread: Access is denied. (0x5)
[0928/124456.379:ERROR:process_reader_win.cc(151)] SuspendThread: Access is denied. (0x5)
[0928/124456.379:ERROR:process_reader_win.cc(151)] SuspendThread: Access is denied. (0x5)
[0928/124456.379:ERROR:process_reader_win.cc(151)] SuspendThread: Access is denied. (0x5)
[0928/124456.379:ERROR:process_reader_win.cc(151)] SuspendThread: Access is denied. (0x5)
[0928/124456.379:ERROR:process_reader_win.cc(151)] SuspendThread: Access is denied. (0x5)
[0928/124456.379:ERROR:process_reader_win.cc(151)] SuspendThread: Access is denied. (0x5)
[0928/124456.379:ERROR:process_reader_win.cc(151)] SuspendThread: Access is denied. (0x5)
[0928/124456.379:ERROR:process_reader_win.cc(151)] SuspendThread: Access is denied. (0x5)
[0928/124456.379:ERROR:process_reader_win.cc(151)] SuspendThread: Access is denied. (0x5)
[0928/124456.379:ERROR:process_reader_win.cc(123)] NtOpenThread: {Access Denied} A process has requested access to an object, but has not been granted those access rights. (0xc0000022)
[0928/124456.379:ERROR:exception_snapshot_win.cc(99)] thread ID 16072 not found in process
[0928/124456.382:ERROR:process_reader_win.cc(151)] SuspendThread: Access is denied. (0x5)
[0928/124456.382:ERROR:process_reader_win.cc(151)] SuspendThread: Access is denied. (0x5)
[0928/124456.382:ERROR:process_reader_win.cc(123)] NtOpenThread: {Access Denied} A process has requested access to an object, but has not been granted those access rights. (0xc0000022)
[0928/124456.382:ERROR:exception_snapshot_win.cc(99)] thread ID 17180 not found in process
[0929/132735.447:ERROR:process_reader_win.cc(151)] SuspendThread: Access is denied. (0x5)
[0929/132735.448:ERROR:process_reader_win.cc(151)] SuspendThread: Access is denied. (0x5)
[0929/132735.472:ERROR:process_reader_win.cc(151)] SuspendThread: Access is denied. (0x5)
[0929/132735.472:ERROR:process_reader_win.cc(151)] SuspendThread: Access is denied. (0x5)
[0929/132735.472:ERROR:process_reader_win.cc(151)] SuspendThread: Access is denied. (0x5)
[0929/132735.472:ERROR:process_reader_win.cc(151)] SuspendThread: Access is denied. (0x5)
[0929/132735.472:ERROR:process_reader_win.cc(151)] SuspendThread: Access is denied. (0x5)
[0929/132735.472:ERROR:process_reader_win.cc(151)] SuspendThread: Access is denied. (0x5)
[0929/132735.472:ERROR:process_reader_win.cc(123)] NtOpenThread: {Access Denied} A process has requested access to an object, but has not been granted those access rights. (0xc0000022)
[0929/132735.448:ERROR:process_reader_win.cc(123)] NtOpenThread: {Access Denied} A process has requested access to an object, but has not been granted those access rights. (0xc0000022)
[0929/132735.472:ERROR:process_reader_win.cc(123)] NtOpenThread: {Access Denied} A process has requested access to an object, but has not been granted those access rights. (0xc0000022)
[0929/132735.479:ERROR:exception_snapshot_win.cc(99)] thread ID 5016 not found in process
[0929/132735.479:ERROR:exception_snapshot_win.cc(99)] thread ID 19152 not found in process
[0929/132735.479:ERROR:exception_snapshot_win.cc(99)] thread ID 9452 not found in process
[0929/133327.129:ERROR:process_reader_win.cc(151)] SuspendThread: Access is denied. (0x5)
[0929/133327.130:ERROR:process_reader_win.cc(123)] NtOpenThread: {Access Denied} A process has requested access to an object, but has not been granted those access rights. (0xc0000022)
[0929/133327.130:ERROR:exception_snapshot_win.cc(99)] thread ID 20360 not found in process
[0929/133327.149:ERROR:process_reader_win.cc(151)] SuspendThread: Access is denied. (0x5)
[0929/133327.149:ERROR:process_reader_win.cc(151)] SuspendThread: Access is denied. (0x5)
[0929/133327.149:ERROR:process_reader_win.cc(151)] SuspendThread: Access is denied. (0x5)
[0929/133327.149:ERROR:process_reader_win.cc(151)] SuspendThread: Access is denied. (0x5)
[0929/133327.149:ERROR:process_reader_win.cc(151)] SuspendThread: Access is denied. (0x5)
[0929/133327.149:ERROR:process_reader_win.cc(151)] SuspendThread: Access is denied. (0x5)
[0929/133327.149:ERROR:process_reader_win.cc(151)] SuspendThread: Access is denied. (0x5)
[0929/133327.149:ERROR:process_reader_win.cc(123)] NtOpenThread: {Access Denied} A process has requested access to an object, but has not been granted those access rights. (0xc0000022)
[0929/133327.150:ERROR:exception_snapshot_win.cc(99)] thread ID 5736 not found in process
[0929/134009.785:ERROR:process_reader_win.cc(151)] SuspendThread: Access is denied. (0x5)
[0929/134009.786:ERROR:process_reader_win.cc(123)] NtOpenThread: {Access Denied} A process has requested access to an object, but has not been granted those access rights. (0xc0000022)
[0929/134009.787:ERROR:exception_snapshot_win.cc(99)] thread ID 9576 not found in process
[0929/134009.807:ERROR:process_reader_win.cc(151)] SuspendThread: Access is denied. (0x5)
[0929/134009.807:ERROR:process_reader_win.cc(151)] SuspendThread: Access is denied. (0x5)
[0929/134009.807:ERROR:process_reader_win.cc(151)] SuspendThread: Access is denied. (0x5)
[0929/134009.808:ERROR:process_reader_win.cc(151)] SuspendThread: Access is denied. (0x5)
[0929/134009.808:ERROR:process_reader_win.cc(151)] SuspendThread: Access is denied. (0x5)
[0929/134009.808:ERROR:process_reader_win.cc(151)] SuspendThread: Access is denied. (0x5)
[0929/134009.808:ERROR:process_reader_win.cc(123)] NtOpenThread: {Access Denied} A process has requested access to an object, but has not been granted those access rights. (0xc0000022)
[0929/134009.808:ERROR:exception_snapshot_win.cc(99)] thread ID 6268 not found in process
[0929/134815.493:ERROR:process_reader_win.cc(151)] SuspendThread: Access is denied. (0x5)
[0929/134815.495:ERROR:process_reader_win.cc(151)] SuspendThread: Access is denied. (0x5)
[0929/134815.495:ERROR:process_reader_win.cc(123)] NtOpenThread: {Access Denied} A process has requested access to an object, but has not been granted those access rights. (0xc0000022)
[0929/134815.495:ERROR:exception_snapshot_win.cc(99)] thread ID 19580 not found in process
[0929/134815.517:ERROR:process_reader_win.cc(151)] SuspendThread: Access is denied. (0x5)
[0929/134815.517:ERROR:process_reader_win.cc(151)] SuspendThread: Access is denied. (0x5)
[0929/134815.517:ERROR:process_reader_win.cc(151)] SuspendThread: Access is denied. (0x5)
[0929/134815.517:ERROR:process_reader_win.cc(151)] SuspendThread: Access is denied. (0x5)
[0929/134815.518:ERROR:process_reader_win.cc(151)] SuspendThread: Access is denied. (0x5)
[0929/134815.518:ERROR:process_reader_win.cc(123)] NtOpenThread: {Access Denied} A process has requested access to an object, but has not been granted those access rights. (0xc0000022)
[0929/134815.518:ERROR:exception_snapshot_win.cc(99)] thread ID 7432 not found in process
[0929/135109.192:ERROR:process_reader_win.cc(151)] SuspendThread: Access is denied. (0x5)
[0929/135109.193:ERROR:process_reader_win.cc(123)] NtOpenThread: {Access Denied} A process has requested access to an object, but has not been granted those access rights. (0xc0000022)
[0929/135109.193:ERROR:exception_snapshot_win.cc(99)] thread ID 14244 not found in process
[0929/135109.241:ERROR:process_reader_win.cc(151)] SuspendThread: Access is denied. (0x5)
[0929/135109.241:ERROR:process_reader_win.cc(151)] SuspendThread: Access is denied. (0x5)
[0929/135109.241:ERROR:process_reader_win.cc(151)] SuspendThread: Access is denied. (0x5)
[0929/135109.241:ERROR:process_reader_win.cc(151)] SuspendThread: Access is denied. (0x5)
[0929/135109.241:ERROR:process_reader_win.cc(123)] NtOpenThread: {Access Denied} A process has requested access to an object, but has not been granted those access rights. (0xc0000022)
[0929/135109.241:ERROR:exception_snapshot_win.cc(99)] thread ID 17180 not found in process
[0929/135437.855:ERROR:process_reader_win.cc(151)] SuspendThread: Access is denied. (0x5)
[0929/135437.857:ERROR:process_reader_win.cc(151)] SuspendThread: Access is denied. (0x5)
[0929/135437.857:ERROR:process_reader_win.cc(123)] NtOpenThread: {Access Denied} A process has requested access to an object, but has not been granted those access rights. (0xc0000022)
[0929/135437.857:ERROR:exception_snapshot_win.cc(99)] thread ID 19224 not found in process
[0929/135437.883:ERROR:process_reader_win.cc(151)] SuspendThread: Access is denied. (0x5)
[0929/135437.883:ERROR:process_reader_win.cc(151)] SuspendThread: Access is denied. (0x5)
[0929/135437.883:ERROR:process_reader_win.cc(151)] SuspendThread: Access is denied. (0x5)
[0929/135437.883:ERROR:process_reader_win.cc(151)] SuspendThread: Access is denied. (0x5)
[0929/135437.883:ERROR:process_reader_win.cc(151)] SuspendThread: Access is denied. (0x5)
[0929/135437.883:ERROR:process_reader_win.cc(123)] NtOpenThread: {Access Denied} A process has requested access to an object, but has not been granted those access rights. (0xc0000022)
[0929/135437.883:ERROR:exception_snapshot_win.cc(99)] thread ID 19172 not found in process
[0929/135732.314:ERROR:process_reader_win.cc(151)] SuspendThread: Access is denied. (0x5)
[0929/135732.315:ERROR:process_reader_win.cc(123)] NtOpenThread: {Access Denied} A process has requested access to an object, but has not been granted those access rights. (0xc0000022)
[0929/135732.316:ERROR:exception_snapshot_win.cc(99)] thread ID 1180 not found in process
[0929/135732.351:ERROR:process_reader_win.cc(151)] SuspendThread: Access is denied. (0x5)
[0929/135732.351:ERROR:process_reader_win.cc(151)] SuspendThread: Access is denied. (0x5)
[0929/135732.351:ERROR:process_reader_win.cc(151)] SuspendThread: Access is denied. (0x5)
[0929/135732.351:ERROR:process_reader_win.cc(151)] SuspendThread: Access is denied. (0x5)
[0929/135732.351:ERROR:process_reader_win.cc(151)] SuspendThread: Access is denied. (0x5)
[0929/135732.351:ERROR:process_reader_win.cc(123)] NtOpenThread: {Access Denied} A process has requested access to an object, but has not been granted those access rights. (0xc0000022)
[0929/135732.351:ERROR:exception_snapshot_win.cc(99)] thread ID 18240 not found in process
[0929/142519.666:ERROR:process_reader_win.cc(151)] SuspendThread: Access is denied. (0x5)
[0929/142519.667:ERROR:process_reader_win.cc(151)] SuspendThread: Access is denied. (0x5)
[0929/142519.667:ERROR:process_reader_win.cc(123)] NtOpenThread: {Access Denied} A process has requested access to an object, but has not been granted those access rights. (0xc0000022)
[0929/142519.668:ERROR:exception_snapshot_win.cc(99)] thread ID 4488 not found in process
[0929/142519.705:ERROR:process_reader_win.cc(151)] SuspendThread: Access is denied. (0x5)
[0929/142519.705:ERROR:process_reader_win.cc(151)] SuspendThread: Access is denied. (0x5)
[0929/142519.705:ERROR:process_reader_win.cc(151)] SuspendThread: Access is denied. (0x5)
[0929/142519.705:ERROR:process_reader_win.cc(151)] SuspendThread: Access is denied. (0x5)
[0929/142519.705:ERROR:process_reader_win.cc(151)] SuspendThread: Access is denied. (0x5)
[0929/142519.706:ERROR:process_reader_win.cc(123)] NtOpenThread: {Access Denied} A process has requested access to an object, but has not been granted those access rights. (0xc0000022)
[0929/142519.706:ERROR:exception_snapshot_win.cc(99)] thread ID 10348 not found in process
[0929/152551.035:ERROR:process_reader_win.cc(151)] SuspendThread: Access is denied. (0x5)
[0929/152551.099:ERROR:process_reader_win.cc(123)] NtOpenThread: {Access Denied} A process has requested access to an object, but has not been granted those access rights. (0xc0000022)
[0929/152551.149:ERROR:exception_snapshot_win.cc(99)] thread ID 6308 not found in process
[0929/152551.019:ERROR:process_reader_win.cc(123)] NtOpenThread: {Access Denied} A process has requested access to an object, but has not been granted those access rights. (0xc0000022)
[0929/152551.151:ERROR:exception_snapshot_win.cc(99)] thread ID 3232 not found in process
[0929/155122.176:ERROR:process_reader_win.cc(151)] SuspendThread: Access is denied. (0x5)
[0929/155122.177:ERROR:process_reader_win.cc(151)] SuspendThread: Access is denied. (0x5)
[0929/155122.177:ERROR:process_reader_win.cc(151)] SuspendThread: Access is denied. (0x5)
[0929/155122.177:ERROR:process_reader_win.cc(151)] SuspendThread: Access is denied. (0x5)
[0929/155122.177:ERROR:process_reader_win.cc(123)] NtOpenThread: {Access Denied} A process has requested access to an object, but has not been granted those access rights. (0xc0000022)
[0929/155122.178:ERROR:exception_snapshot_win.cc(99)] thread ID 5124 not found in process
[0929/155122.197:ERROR:process_reader_win.cc(123)] NtOpenThread: {Access Denied} A process has requested access to an object, but has not been granted those access rights. (0xc0000022)
[0929/155122.197:ERROR:exception_snapshot_win.cc(99)] thread ID 12360 not found in process
[1001/213621.968:ERROR:process_reader_win.cc(123)] NtOpenThread: {Access Denied} A process has requested access to an object, but has not been granted those access rights. (0xc0000022)
[1001/213621.969:ERROR:exception_snapshot_win.cc(99)] thread ID 13068 not found in process
[1001/213621.990:ERROR:process_reader_win.cc(123)] NtOpenThread: {Access Denied} A process has requested access to an object, but has not been granted those access rights. (0xc0000022)
[1001/213621.990:ERROR:exception_snapshot_win.cc(99)] thread ID 6408 not found in process
[1003/115049.575:ERROR:process_reader_win.cc(151)] SuspendThread: Access is denied. (0x5)
[1003/115049.577:ERROR:process_reader_win.cc(151)] SuspendThread: Access is denied. (0x5)
[1003/115049.577:ERROR:process_reader_win.cc(151)] SuspendThread: Access is denied. (0x5)
[1003/115049.577:ERROR:process_reader_win.cc(123)] NtOpenThread: {Access Denied} A process has requested access to an object, but has not been granted those access rights. (0xc0000022)
[1003/115049.595:ERROR:exception_snapshot_win.cc(99)] thread ID 21188 not found in process
[1003/115049.615:ERROR:process_reader_win.cc(151)] SuspendThread: Access is denied. (0x5)
[1003/115049.615:ERROR:process_reader_win.cc(151)] SuspendThread: Access is denied. (0x5)
[1003/115049.615:ERROR:process_reader_win.cc(123)] NtOpenThread: {Access Denied} A process has requested access to an object, but has not been granted those access rights. (0xc0000022)
[1003/115049.615:ERROR:exception_snapshot_win.cc(99)] thread ID 23112 not found in process
[1006/112109.883:ERROR:process_reader_win.cc(151)] SuspendThread: Access is denied. (0x5)
[1006/112109.907:ERROR:process_reader_win.cc(151)] SuspendThread: Access is denied. (0x5)
[1006/112109.907:ERROR:process_reader_win.cc(123)] NtOpenThread: {Access Denied} A process has requested access to an object, but has not been granted those access rights. (0xc0000022)
[1006/112109.908:ERROR:exception_snapshot_win.cc(99)] thread ID 3544 not found in process
[1006/112109.920:ERROR:process_reader_win.cc(151)] SuspendThread: Access is denied. (0x5)
[1006/112109.920:ERROR:process_reader_win.cc(151)] SuspendThread: Access is denied. (0x5)
[1006/112109.920:ERROR:process_reader_win.cc(151)] SuspendThread: Access is denied. (0x5)
[1006/112109.920:ERROR:process_reader_win.cc(151)] SuspendThread: Access is denied. (0x5)
[1006/112109.920:ERROR:process_reader_win.cc(123)] NtOpenThread: {Access Denied} A process has requested access to an object, but has not been granted those access rights. (0xc0000022)
[1006/112109.920:ERROR:exception_snapshot_win.cc(99)] thread ID 2132 not found in process
[1007/134223.215:ERROR:process_reader_win.cc(123)] NtOpenThread: {Access Denied} A process has requested access to an object, but has not been granted those access rights. (0xc0000022)
[1007/134223.216:ERROR:exception_snapshot_win.cc(99)] thread ID 7136 not found in process
[1007/134223.247:ERROR:process_reader_win.cc(151)] SuspendThread: Access is denied. (0x5)
[1007/134223.247:ERROR:process_reader_win.cc(151)] SuspendThread: Access is denied. (0x5)
[1007/134223.247:ERROR:process_reader_win.cc(151)] SuspendThread: Access is denied. (0x5)
[1007/134223.247:ERROR:process_reader_win.cc(151)] SuspendThread: Access is denied. (0x5)
[1007/134223.247:ERROR:exception_snapshot_win.cc(99)] thread ID 11268 not found in process
[1009/150158.592:ERROR:process_reader_win.cc(123)] NtOpenThread: {Access Denied} A process has requested access to an object, but has not been granted those access rights. (0xc0000022)
[1009/150158.598:ERROR:exception_snapshot_win.cc(99)] thread ID 5552 not found in process
[1009/150158.746:ERROR:process_reader_win.cc(151)] SuspendThread: Access is denied. (0x5)
[1009/150158.747:ERROR:process_reader_win.cc(151)] SuspendThread: Access is denied. (0x5)
[1009/150158.747:ERROR:process_reader_win.cc(151)] SuspendThread: Access is denied. (0x5)
[1009/150158.747:ERROR:process_reader_win.cc(123)] NtOpenThread: {Access Denied} A process has requested access to an object, but has not been granted those access rights. (0xc0000022)
[1009/150158.747:ERROR:exception_snapshot_win.cc(99)] thread ID 9336 not found in process
[1010/080712.414:ERROR:directory_reader_win.cc(43)] FindFirstFile: The system cannot find the path specified. (0x3)
[1010/151028.605:ERROR:directory_reader_win.cc(43)] FindFirstFile: The system cannot find the path specified. (0x3)
[1012/101339.233:ERROR:process_reader_win.cc(123)] NtOpenThread: {Access Denied} A process has requested access to an object, but has not been granted those access rights. (0xc0000022)
[1012/101339.237:ERROR:exception_snapshot_win.cc(99)] thread ID 13260 not found in process
[1012/101339.264:ERROR:process_reader_win.cc(123)] NtOpenThread: {Access Denied} A process has requested access to an object, but has not been granted those access rights. (0xc0000022)
[1012/101339.264:ERROR:exception_snapshot_win.cc(99)] thread ID 5448 not found in process
[1012/102342.225:ERROR:directory_reader_win.cc(43)] FindFirstFile: The system cannot find the path specified. (0x3)
[1013/105505.594:ERROR:directory_reader_win.cc(43)] FindFirstFile: The system cannot find the path specified. (0x3)
[1014/114031.852:ERROR:directory_reader_win.cc(43)] FindFirstFile: The system cannot find the path specified. (0x3)
[1014/163300.128:ERROR:directory_reader_win.cc(43)] FindFirstFile: The system cannot find the path specified. (0x3)
[1014/164713.567:ERROR:directory_reader_win.cc(43)] FindFirstFile: The system cannot find the path specified. (0x3)
[1015/083710.369:ERROR:directory_reader_win.cc(43)] FindFirstFile: The system cannot find the path specified. (0x3)
[1016/081843.345:ERROR:directory_reader_win.cc(43)] FindFirstFile: The system cannot find the path specified. (0x3)
[1017/183738.710:ERROR:directory_reader_win.cc(43)] FindFirstFile: The system cannot find the path specified. (0x3)
[1018/123915.309:ERROR:directory_reader_win.cc(43)] FindFirstFile: The system cannot find the path specified. (0x3)
[1018/223604.116:ERROR:directory_reader_win.cc(43)] FindFirstFile: The system cannot find the path specified. (0x3)
[1019/090505.841:ERROR:directory_reader_win.cc(43)] FindFirstFile: The system cannot find the path specified. (0x3)
[1019/092608.154:ERROR:directory_reader_win.cc(43)] FindFirstFile: The system cannot find the path specified. (0x3)
[1019/093908.630:ERROR:directory_reader_win.cc(43)] FindFirstFile: The system cannot find the path specified. (0x3)
[1019/103325.256:ERROR:directory_reader_win.cc(43)] FindFirstFile: The system cannot find the path specified. (0x3)
[1019/111913.069:ERROR:directory_reader_win.cc(43)] FindFirstFile: The system cannot find the path specified. (0x3)
[1019/170359.831:ERROR:process_reader_win.cc(151)] SuspendThread: Access is denied. (0x5)
[1019/170359.855:ERROR:process_reader_win.cc(151)] SuspendThread: Access is denied. (0x5)
[1019/170359.856:ERROR:process_reader_win.cc(151)] SuspendThread: Access is denied. (0x5)
[1019/170359.856:ERROR:process_reader_win.cc(151)] SuspendThread: Access is denied. (0x5)
[1019/170359.856:ERROR:process_reader_win.cc(151)] SuspendThread: Access is denied. (0x5)
[1019/170359.856:ERROR:process_reader_win.cc(151)] SuspendThread: Access is denied. (0x5)
[1019/170359.856:ERROR:process_reader_win.cc(151)] SuspendThread: Access is denied. (0x5)
[1019/170359.855:ERROR:process_reader_win.cc(123)] NtOpenThread: {Access Denied} A process has requested access to an object, but has not been granted those access rights. (0xc0000022)
[1019/170359.864:ERROR:exception_snapshot_win.cc(99)] thread ID 14004 not found in process
[1019/170359.856:ERROR:process_reader_win.cc(123)] NtOpenThread: {Access Denied} A process has requested access to an object, but has not been granted those access rights. (0xc0000022)
[1019/170359.864:ERROR:exception_snapshot_win.cc(99)] thread ID 18712 not found in process
